=none : The term '=none' is not recognized as the name of a cmdlet, function, script file, or operable program. Check 
the spelling of the name, or if a path was included, verify that the path is correct and try again.
At line:1 char:1
+ ='none'; d:\C Drive bkp\Desktop\BlackAnglerTechTeam\project_2\Sangame ...
+ ~~~~~~~
    + CategoryInfo          : ObjectNotFound: (=none:String) [], CommandNotFoundException
    + FullyQualifiedErrorId : CommandNotFoundException
 
d:\C : The term 'd:\C' is not recognized as the name of a cmdlet, function, script file, or operable program. Check 
the spelling of the name, or if a path was included, verify that the path is correct and try again.
At line:1 char:10
+ ='none'; d:\C Drive bkp\Desktop\BlackAnglerTechTeam\project_2\Sangame ...
+          ~~~~
    + CategoryInfo          : ObjectNotFound: (d:\C:String) [], CommandNotFoundException
    + FullyQualifiedErrorId : CommandNotFoundException
 
d:\C : The term 'd:\C' is not recognized as the name of a cmdlet, function, script file, or operable program. Check 
the spelling of the name, or if a path was included, verify that the path is correct and try again.
At line:1 char:177
+ ... kAnglerTechTeam\project_2\Sangameshwaram\frontend\.tmp'; d:\C Drive b ...
+                                                              ~~~~
    + CategoryInfo          : ObjectNotFound: (d:\C:String) [], CommandNotFoundException
    + FullyQualifiedErrorId : CommandNotFoundException
 
(node:17000) [DEP_WEBPACK_DEV_SERVER_ON_AFTER_SETUP_MIDDLEWARE] DeprecationWarning: 'onAfterSetupMiddleware' option is deprecated. Please use the 'setupMiddlewares' option.
(Use `node --trace-deprecation ...` to show where the warning was created)
(node:17000) [DEP_WEBPACK_DEV_SERVER_ON_BEFORE_SETUP_MIDDLEWARE] DeprecationWarning: 'onBeforeSetupMiddleware' option is deprecated. Please use the 'setupMiddlewares' option.
(node:17000) [DEP_WEBPACK_COMPILATION_ASSETS] DeprecationWarning: Compilation.assets will be frozen in future, all modifications are deprecated.
BREAKING CHANGE: No more changes should happen to Compilation.assets after sealing the Compilation.
	Do changes to assets earlier, e. g. in Compilation.hooks.processAssets.
	Make sure to select an appropriate stage from Compilation.PROCESS_ASSETS_STAGE_*.
