
> frontend@0.1.0 start
> craco start

Starting the development server...

Compiled successfully!

You can now view frontend in the browser.

  Local:            http://localhost:3000
  On Your Network:  http://192.168.0.105:3000

Note that the development build is not optimized.
To create a production build, use npm run build.

webpack compiled [1m[32msuccessfully[39m[22m
Compiling...
Failed to compile.

Error: Child compilation failed:
  Module not found: Error: Can't resolve 'D:\C Drive bkp\Desktop\BlackAnglerTech  Team\project_2\Sangameshwaram\frontend\public\index.html' in 'D:\C Drive bkp\D  esktop\BlackAnglerTechTeam\project_2\Sangameshwaram\frontend'
  ModuleNotFoundError: Module not found: Error: Can't resolve 'D:\C Drive bkp\De  sktop\BlackAnglerTechTeam\project_2\Sangameshwaram\frontend\public\index.html'   in 'D:\C Drive bkp\Desktop\BlackAnglerTechTeam\project_2\Sangameshwaram\front  end'
      at finishWithoutResolve (D:\C Drive bkp\Desktop\BlackAnglerTechTeam\projec  t_2\Sangameshwaram\frontend\node_modules\enhanced-resolve\lib\Resolver.js:590:  11)
      at process.processTicksAndRejections (node:internal/process/task_queues:89  :21)
  
  - Compilation.js:2073 
    [frontend]/[webpack]/lib/Compilation.js:2073:28
  
  - NormalModuleFactory.js:1041 
    [frontend]/[webpack]/lib/NormalModuleFactory.js:1041:13
  
  - NormalModuleFactory.js:437 
    [frontend]/[webpack]/lib/NormalModuleFactory.js:437:22
  
  - NormalModuleFactory.js:622 
    [frontend]/[webpack]/lib/NormalModuleFactory.js:622:22
  
  - NormalModuleFactory.js:181 
    [frontend]/[webpack]/lib/NormalModuleFactory.js:181:10
  
  - NormalModuleFactory.js:894 
    [frontend]/[webpack]/lib/NormalModuleFactory.js:894:25
  
  - NormalModuleFactory.js:1126 
    [frontend]/[webpack]/lib/NormalModuleFactory.js:1126:8
  
  - NormalModuleFactory.js:1255 
    [frontend]/[webpack]/lib/NormalModuleFactory.js:1255:5
  
  - async.js:6883 
    [frontend]/[neo-async]/async.js:6883:13
  
  - NormalModuleFactory.js:1238 
    [frontend]/[webpack]/lib/NormalModuleFactory.js:1238:45
  
  - Resolver.js:590 finishWithoutResolve
    [frontend]/[enhanced-resolve]/lib/Resolver.js:590:11
  
  - Resolver.js:679 
    [frontend]/[enhanced-resolve]/lib/Resolver.js:679:14
  
  - Resolver.js:740 
    [frontend]/[enhanced-resolve]/lib/Resolver.js:740:5
  
  - Resolver.js:740 
    [frontend]/[enhanced-resolve]/lib/Resolver.js:740:5
  
  - DescriptionFilePlugin.js:89 
    [frontend]/[enhanced-resolve]/lib/DescriptionFilePlugin.js:89:43
  
  - Resolver.js:740 
    [frontend]/[enhanced-resolve]/lib/Resolver.js:740:5
  
  - Resolver.js:740 
    [frontend]/[enhanced-resolve]/lib/Resolver.js:740:5
  
  - Resolver.js:740 
    [frontend]/[enhanced-resolve]/lib/Resolver.js:740:5
  
  - Resolver.js:740 
    [frontend]/[enhanced-resolve]/lib/Resolver.js:740:5
  
  - DescriptionFilePlugin.js:89 
    [frontend]/[enhanced-resolve]/lib/DescriptionFilePlugin.js:89:43
  
  - Resolver.js:740 
    [frontend]/[enhanced-resolve]/lib/Resolver.js:740:5
  
  - Resolver.js:740 
    [frontend]/[enhanced-resolve]/lib/Resolver.js:740:5
  
  - DirectoryExistsPlugin.js:43 
    [frontend]/[enhanced-resolve]/lib/DirectoryExistsPlugin.js:43:15
  
  - task_queues:89 process.processTicksAndRejections
    node:internal/process/task_queues:89:21
  
  - child-compiler.js:211 
    [frontend]/[html-webpack-plugin]/lib/child-compiler.js:211:18
  
  - Compiler.js:648 finalCallback
    [frontend]/[webpack]/lib/Compiler.js:648:5
  
  - Compiler.js:684 
    [frontend]/[webpack]/lib/Compiler.js:684:11
  
  - Compiler.js:1379 
    [frontend]/[webpack]/lib/Compiler.js:1379:17
  
  - Hook.js:21 Hook.CALL_ASYNC_DELEGATE [as _callAsync]
    [frontend]/[tapable]/lib/Hook.js:21:14
  
  - Compiler.js:1375 
    [frontend]/[webpack]/lib/Compiler.js:1375:33
  
  - Compilation.js:3183 finalCallback
    [frontend]/[webpack]/lib/Compilation.js:3183:11
  
  - Compilation.js:3521 
    [frontend]/[webpack]/lib/Compilation.js:3521:11
  
  - Hook.js:21 Hook.CALL_ASYNC_DELEGATE [as _callAsync]
    [frontend]/[tapable]/lib/Hook.js:21:14
  
  - Compilation.js:3514 
    [frontend]/[webpack]/lib/Compilation.js:3514:38
  
  - Compilation.js:653 
    [frontend]/[webpack]/lib/Compilation.js:653:11
  
  - SourceMapDevToolPlugin.js:635 
    [frontend]/[webpack]/lib/SourceMapDevToolPlugin.js:635:10
  
  - async.js:2830 
    [frontend]/[neo-async]/async.js:2830:7
  
  - async.js:2857 Object.each
    [frontend]/[neo-async]/async.js:2857:9
[1m[31mERROR[39m[22m in [1m  [1m[31mError[39m[22m[1m: Child compilation [1m[31mfailed[39m[22m[1m:
  Module [1m[31mnot found[39m[22m[1m: [1m[31mError[39m[22m[1m: Can't resolve 'D:\C Drive bkp\Desktop\BlackAnglerTech  Team\project_2\Sangameshwaram\frontend\public\index.html' in 'D:\C Drive bkp\D  esktop\BlackAnglerTechTeam\project_2\Sangameshwaram\frontend'
  ModuleNotFoundError: Module [1m[31mnot found[39m[22m[1m: [1m[31mError[39m[22m[1m: Can't resolve 'D:\C Drive bkp\De  sktop\BlackAnglerTechTeam\project_2\Sangameshwaram\frontend\public\index.html'   in 'D:\C Drive bkp\Desktop\BlackAnglerTechTeam\project_2\Sangameshwaram\front  end'
      at D:\C Drive bkp\Desktop\BlackAnglerTechTeam\project_2\Sangameshwaram\fro  ntend\node_modules\webpack\lib\Compilation.js:2073:28
      at D:\C Drive bkp\Desktop\BlackAnglerTechTeam\project_2\Sangameshwaram\fro  ntend\node_modules\webpack\lib\NormalModuleFactory.js:1041:13
      at eval (eval at create (D:\C Drive bkp\Desktop\BlackAnglerTechTeam\projec  t_2\Sangameshwaram\frontend\node_modules\tapable\lib\HookCodeFactory.js:31:10)  , <anonymous>:10:1)
      at D:\C Drive bkp\Desktop\BlackAnglerTechTeam\project_2\Sangameshwaram\fro  ntend\node_modules\webpack\lib\NormalModuleFactory.js:437:22
      at eval (eval at create (D:\C Drive bkp\Desktop\BlackAnglerTechTeam\projec  t_2\Sangameshwaram\frontend\node_modules\tapable\lib\HookCodeFactory.js:31:10)  , <anonymous>:9:1)
      at D:\C Drive bkp\Desktop\BlackAnglerTechTeam\project_2\Sangameshwaram\fro  ntend\node_modules\webpack\lib\NormalModuleFactory.js:622:22
      at D:\C Drive bkp\Desktop\BlackAnglerTechTeam\project_2\Sangameshwaram\fro  ntend\node_modules\webpack\lib\NormalModuleFactory.js:181:10
      at D:\C Drive bkp\Desktop\BlackAnglerTechTeam\project_2\Sangameshwaram\fro  ntend\node_modules\webpack\lib\NormalModuleFactory.js:894:25
      at D:\C Drive bkp\Desktop\BlackAnglerTechTeam\project_2\Sangameshwaram\fro  ntend\node_modules\webpack\lib\NormalModuleFactory.js:1126:8
      at D:\C Drive bkp\Desktop\BlackAnglerTechTeam\project_2\Sangameshwaram\fro  ntend\node_modules\webpack\lib\NormalModuleFactory.js:1255:5
      at D:\C Drive bkp\Desktop\BlackAnglerTechTeam\project_2\Sangameshwaram\fro  ntend\node_modules\neo-async\async.js:6883:13
      at D:\C Drive bkp\Desktop\BlackAnglerTechTeam\project_2\Sangameshwaram\fro  ntend\node_modules\webpack\lib\NormalModuleFactory.js:1238:45
      at finishWithoutResolve (D:\C Drive bkp\Desktop\BlackAnglerTechTeam\projec  t_2\Sangameshwaram\frontend\node_modules\enhanced-resolve\lib\Resolver.js:590:  11)
      at D:\C Drive bkp\Desktop\BlackAnglerTechTeam\project_2\Sangameshwaram\fro  ntend\node_modules\enhanced-resolve\lib\Resolver.js:679:14
      at D:\C Drive bkp\Desktop\BlackAnglerTechTeam\project_2\Sangameshwaram\fro  ntend\node_modules\enhanced-resolve\lib\Resolver.js:740:5
      at eval (eval at create (D:\C Drive bkp\Desktop\BlackAnglerTechTeam\projec  t_2\Sangameshwaram\frontend\node_modules\tapable\lib\HookCodeFactory.js:31:10)  , <anonymous>:16:1)
      at D:\C Drive bkp\Desktop\BlackAnglerTechTeam\project_2\Sangameshwaram\fro  ntend\node_modules\enhanced-resolve\lib\Resolver.js:740:5
      at eval (eval at create (D:\C Drive bkp\Desktop\BlackAnglerTechTeam\projec  t_2\Sangameshwaram\frontend\node_modules\tapable\lib\HookCodeFactory.js:31:10)  , <anonymous>:27:1)
      at D:\C Drive bkp\Desktop\BlackAnglerTechTeam\project_2\Sangameshwaram\fro  ntend\node_modules\enhanced-resolve\lib\DescriptionFilePlugin.js:89:43
      at D:\C Drive bkp\Desktop\BlackAnglerTechTeam\project_2\Sangameshwaram\fro  ntend\node_modules\enhanced-resolve\lib\Resolver.js:740:5
      at eval (eval at create (D:\C Drive bkp\Desktop\BlackAnglerTechTeam\projec  t_2\Sangameshwaram\frontend\node_modules\tapable\lib\HookCodeFactory.js:31:10)  , <anonymous>:15:1)
      at D:\C Drive bkp\Desktop\BlackAnglerTechTeam\project_2\Sangameshwaram\fro  ntend\node_modules\enhanced-resolve\lib\Resolver.js:740:5
      at eval (eval at create (D:\C Drive bkp\Desktop\BlackAnglerTechTeam\projec  t_2\Sangameshwaram\frontend\node_modules\tapable\lib\HookCodeFactory.js:31:10)  , <anonymous>:16:1)
      at D:\C Drive bkp\Desktop\BlackAnglerTechTeam\project_2\Sangameshwaram\fro  ntend\node_modules\enhanced-resolve\lib\Resolver.js:740:5
      at eval (eval at create (D:\C Drive bkp\Desktop\BlackAnglerTechTeam\projec  t_2\Sangameshwaram\frontend\node_modules\tapable\lib\HookCodeFactory.js:31:10)  , <anonymous>:16:1)
      at D:\C Drive bkp\Desktop\BlackAnglerTechTeam\project_2\Sangameshwaram\fro  ntend\node_modules\enhanced-resolve\lib\Resolver.js:740:5
      at eval (eval at create (D:\C Drive bkp\Desktop\BlackAnglerTechTeam\projec  t_2\Sangameshwaram\frontend\node_modules\tapable\lib\HookCodeFactory.js:31:10)  , <anonymous>:27:1)
      at D:\C Drive bkp\Desktop\BlackAnglerTechTeam\project_2\Sangameshwaram\fro  ntend\node_modules\enhanced-resolve\lib\DescriptionFilePlugin.js:89:43
      at D:\C Drive bkp\Desktop\BlackAnglerTechTeam\project_2\Sangameshwaram\fro  ntend\node_modules\enhanced-resolve\lib\Resolver.js:740:5
      at eval (eval at create (D:\C Drive bkp\Desktop\BlackAnglerTechTeam\projec  t_2\Sangameshwaram\frontend\node_modules\tapable\lib\HookCodeFactory.js:31:10)  , <anonymous>:16:1)
      at D:\C Drive bkp\Desktop\BlackAnglerTechTeam\project_2\Sangameshwaram\fro  ntend\node_modules\enhanced-resolve\lib\Resolver.js:740:5
      at eval (eval at create (D:\C Drive bkp\Desktop\BlackAnglerTechTeam\projec  t_2\Sangameshwaram\frontend\node_modules\tapable\lib\HookCodeFactory.js:31:10)  , <anonymous>:15:1)
      at D:\C Drive bkp\Desktop\BlackAnglerTechTeam\project_2\Sangameshwaram\fro  ntend\node_modules\enhanced-resolve\lib\DirectoryExistsPlugin.js:43:15
      at process.processTicksAndRejections (node:internal/process/task_queues:89  :21)
  
  - Compilation.js:2073 
    [frontend]/[webpack]/lib/Compilation.js:2073:28
  
  - NormalModuleFactory.js:1041 
    [frontend]/[webpack]/lib/NormalModuleFactory.js:1041:13
  
  
  - NormalModuleFactory.js:437 
    [frontend]/[webpack]/lib/NormalModuleFactory.js:437:22
  
  
  - NormalModuleFactory.js:622 
    [frontend]/[webpack]/lib/NormalModuleFactory.js:622:22
  
  - NormalModuleFactory.js:181 
    [frontend]/[webpack]/lib/NormalModuleFactory.js:181:10
  
  - NormalModuleFactory.js:894 
    [frontend]/[webpack]/lib/NormalModuleFactory.js:894:25
  
  - NormalModuleFactory.js:1126 
    [frontend]/[webpack]/lib/NormalModuleFactory.js:1126:8
  
  - NormalModuleFactory.js:1255 
    [frontend]/[webpack]/lib/NormalModuleFactory.js:1255:5
  
  - async.js:6883 
    [frontend]/[neo-async]/async.js:6883:13
  
  - NormalModuleFactory.js:1238 
    [frontend]/[webpack]/lib/NormalModuleFactory.js:1238:45
  
  - Resolver.js:590 finishWithoutResolve
    [frontend]/[enhanced-resolve]/lib/Resolver.js:590:11
  
  - Resolver.js:679 
    [frontend]/[enhanced-resolve]/lib/Resolver.js:679:14
  
  - Resolver.js:740 
    [frontend]/[enhanced-resolve]/lib/Resolver.js:740:5
  
  
  - Resolver.js:740 
    [frontend]/[enhanced-resolve]/lib/Resolver.js:740:5
  
  
  - DescriptionFilePlugin.js:89 
    [frontend]/[enhanced-resolve]/lib/DescriptionFilePlugin.js:89:43
  
  - Resolver.js:740 
    [frontend]/[enhanced-resolve]/lib/Resolver.js:740:5
  
  
  - Resolver.js:740 
    [frontend]/[enhanced-resolve]/lib/Resolver.js:740:5
  
  
  - Resolver.js:740 
    [frontend]/[enhanced-resolve]/lib/Resolver.js:740:5
  
  
  - Resolver.js:740 
    [frontend]/[enhanced-resolve]/lib/Resolver.js:740:5
  
  
  - DescriptionFilePlugin.js:89 
    [frontend]/[enhanced-resolve]/lib/DescriptionFilePlugin.js:89:43
  
  - Resolver.js:740 
    [frontend]/[enhanced-resolve]/lib/Resolver.js:740:5
  
  
  - Resolver.js:740 
    [frontend]/[enhanced-resolve]/lib/Resolver.js:740:5
  
  
  - DirectoryExistsPlugin.js:43 
    [frontend]/[enhanced-resolve]/lib/DirectoryExistsPlugin.js:43:15
  
  - task_queues:89 process.processTicksAndRejections
    node:internal/process/task_queues:89:21
  
  - child-compiler.js:211 
    [frontend]/[html-webpack-plugin]/lib/child-compiler.js:211:18
  
  - Compiler.js:648 finalCallback
    [frontend]/[webpack]/lib/Compiler.js:648:5
  
  - Compiler.js:684 
    [frontend]/[webpack]/lib/Compiler.js:684:11
  
  - Compiler.js:1379 
    [frontend]/[webpack]/lib/Compiler.js:1379:17
  
  
  - Hook.js:21 Hook.CALL_ASYNC_DELEGATE [as _callAsync]
    [frontend]/[tapable]/lib/Hook.js:21:14
  
  - Compiler.js:1375 
    [frontend]/[webpack]/lib/Compiler.js:1375:33
  
  - Compilation.js:3183 finalCallback
    [frontend]/[webpack]/lib/Compilation.js:3183:11
  
  - Compilation.js:3521 
    [frontend]/[webpack]/lib/Compilation.js:3521:11
  
  
  - Hook.js:21 Hook.CALL_ASYNC_DELEGATE [as _callAsync]
    [frontend]/[tapable]/lib/Hook.js:21:14
  
  - Compilation.js:3514 
    [frontend]/[webpack]/lib/Compilation.js:3514:38
  
  
  - Compilation.js:653 
    [frontend]/[webpack]/lib/Compilation.js:653:11
  
  - SourceMapDevToolPlugin.js:635 
    [frontend]/[webpack]/lib/SourceMapDevToolPlugin.js:635:10
  
  - async.js:2830 
    [frontend]/[neo-async]/async.js:2830:7
  
  - async.js:2857 Object.each
    [frontend]/[neo-async]/async.js:2857:9
  
[39m[22m

[1m[31m1 ERROR in child compilations (Use 'stats.children: true' resp. '--stats-children' for more details)[39m[22m
webpack compiled with [1m[31m2 errors[39m[22m
Compiling...
Failed to compile.

Error: Child compilation failed:
  Module not found: Error: Can't resolve 'D:\C Drive bkp\Desktop\BlackAnglerTech  Team\project_2\Sangameshwaram\frontend\public\index.html' in 'D:\C Drive bkp\D  esktop\BlackAnglerTechTeam\project_2\Sangameshwaram\frontend'
  ModuleNotFoundError: Module not found: Error: Can't resolve 'D:\C Drive bkp\De  sktop\BlackAnglerTechTeam\project_2\Sangameshwaram\frontend\public\index.html'   in 'D:\C Drive bkp\Desktop\BlackAnglerTechTeam\project_2\Sangameshwaram\front  end'
      at finishWithoutResolve (D:\C Drive bkp\Desktop\BlackAnglerTechTeam\projec  t_2\Sangameshwaram\frontend\node_modules\enhanced-resolve\lib\Resolver.js:590:  11)
      at process.processTicksAndRejections (node:internal/process/task_queues:89  :21)
  
  - Compilation.js:2073 
    [frontend]/[webpack]/lib/Compilation.js:2073:28
  
  - NormalModuleFactory.js:1041 
    [frontend]/[webpack]/lib/NormalModuleFactory.js:1041:13
  
  - NormalModuleFactory.js:437 
    [frontend]/[webpack]/lib/NormalModuleFactory.js:437:22
  
  - NormalModuleFactory.js:622 
    [frontend]/[webpack]/lib/NormalModuleFactory.js:622:22
  
  - NormalModuleFactory.js:181 
    [frontend]/[webpack]/lib/NormalModuleFactory.js:181:10
  
  - NormalModuleFactory.js:894 
    [frontend]/[webpack]/lib/NormalModuleFactory.js:894:25
  
  - NormalModuleFactory.js:1126 
    [frontend]/[webpack]/lib/NormalModuleFactory.js:1126:8
  
  - NormalModuleFactory.js:1255 
    [frontend]/[webpack]/lib/NormalModuleFactory.js:1255:5
  
  - async.js:6883 
    [frontend]/[neo-async]/async.js:6883:13
  
  - NormalModuleFactory.js:1238 
    [frontend]/[webpack]/lib/NormalModuleFactory.js:1238:45
  
  - Resolver.js:590 finishWithoutResolve
    [frontend]/[enhanced-resolve]/lib/Resolver.js:590:11
  
  - Resolver.js:679 
    [frontend]/[enhanced-resolve]/lib/Resolver.js:679:14
  
  - Resolver.js:740 
    [frontend]/[enhanced-resolve]/lib/Resolver.js:740:5
  
  - Resolver.js:740 
    [frontend]/[enhanced-resolve]/lib/Resolver.js:740:5
  
  - DescriptionFilePlugin.js:89 
    [frontend]/[enhanced-resolve]/lib/DescriptionFilePlugin.js:89:43
  
  - Resolver.js:740 
    [frontend]/[enhanced-resolve]/lib/Resolver.js:740:5
  
  - Resolver.js:740 
    [frontend]/[enhanced-resolve]/lib/Resolver.js:740:5
  
  - Resolver.js:740 
    [frontend]/[enhanced-resolve]/lib/Resolver.js:740:5
  
  - Resolver.js:740 
    [frontend]/[enhanced-resolve]/lib/Resolver.js:740:5
  
  - DescriptionFilePlugin.js:89 
    [frontend]/[enhanced-resolve]/lib/DescriptionFilePlugin.js:89:43
  
  - Resolver.js:740 
    [frontend]/[enhanced-resolve]/lib/Resolver.js:740:5
  
  - Resolver.js:740 
    [frontend]/[enhanced-resolve]/lib/Resolver.js:740:5
  
  - DirectoryExistsPlugin.js:43 
    [frontend]/[enhanced-resolve]/lib/DirectoryExistsPlugin.js:43:15
  
  - task_queues:89 process.processTicksAndRejections
    node:internal/process/task_queues:89:21
  
  - child-compiler.js:211 
    [frontend]/[html-webpack-plugin]/lib/child-compiler.js:211:18
  
  - Compiler.js:648 finalCallback
    [frontend]/[webpack]/lib/Compiler.js:648:5
  
  - Compiler.js:684 
    [frontend]/[webpack]/lib/Compiler.js:684:11
  
  - Compiler.js:1379 
    [frontend]/[webpack]/lib/Compiler.js:1379:17
  
  - Hook.js:21 Hook.CALL_ASYNC_DELEGATE [as _callAsync]
    [frontend]/[tapable]/lib/Hook.js:21:14
  
  - Compiler.js:1375 
    [frontend]/[webpack]/lib/Compiler.js:1375:33
  
  - Compilation.js:3183 finalCallback
    [frontend]/[webpack]/lib/Compilation.js:3183:11
  
  - Compilation.js:3521 
    [frontend]/[webpack]/lib/Compilation.js:3521:11
  
  - Hook.js:21 Hook.CALL_ASYNC_DELEGATE [as _callAsync]
    [frontend]/[tapable]/lib/Hook.js:21:14
  
  - Compilation.js:3514 
    [frontend]/[webpack]/lib/Compilation.js:3514:38
  
  - Compilation.js:653 
    [frontend]/[webpack]/lib/Compilation.js:653:11
  
  - SourceMapDevToolPlugin.js:635 
    [frontend]/[webpack]/lib/SourceMapDevToolPlugin.js:635:10
  
  - async.js:2830 
    [frontend]/[neo-async]/async.js:2830:7
  
  - async.js:2857 Object.each
    [frontend]/[neo-async]/async.js:2857:9
[1m[31mERROR[39m[22m in [1m  [1m[31mError[39m[22m[1m: Child compilation [1m[31mfailed[39m[22m[1m:
  Module [1m[31mnot found[39m[22m[1m: [1m[31mError[39m[22m[1m: Can't resolve 'D:\C Drive bkp\Desktop\BlackAnglerTech  Team\project_2\Sangameshwaram\frontend\public\index.html' in 'D:\C Drive bkp\D  esktop\BlackAnglerTechTeam\project_2\Sangameshwaram\frontend'
  ModuleNotFoundError: Module [1m[31mnot found[39m[22m[1m: [1m[31mError[39m[22m[1m: Can't resolve 'D:\C Drive bkp\De  sktop\BlackAnglerTechTeam\project_2\Sangameshwaram\frontend\public\index.html'   in 'D:\C Drive bkp\Desktop\BlackAnglerTechTeam\project_2\Sangameshwaram\front  end'
      at D:\C Drive bkp\Desktop\BlackAnglerTechTeam\project_2\Sangameshwaram\fro  ntend\node_modules\webpack\lib\Compilation.js:2073:28
      at D:\C Drive bkp\Desktop\BlackAnglerTechTeam\project_2\Sangameshwaram\fro  ntend\node_modules\webpack\lib\NormalModuleFactory.js:1041:13
      at eval (eval at create (D:\C Drive bkp\Desktop\BlackAnglerTechTeam\projec  t_2\Sangameshwaram\frontend\node_modules\tapable\lib\HookCodeFactory.js:31:10)  , <anonymous>:10:1)
      at D:\C Drive bkp\Desktop\BlackAnglerTechTeam\project_2\Sangameshwaram\fro  ntend\node_modules\webpack\lib\NormalModuleFactory.js:437:22
      at eval (eval at create (D:\C Drive bkp\Desktop\BlackAnglerTechTeam\projec  t_2\Sangameshwaram\frontend\node_modules\tapable\lib\HookCodeFactory.js:31:10)  , <anonymous>:9:1)
      at D:\C Drive bkp\Desktop\BlackAnglerTechTeam\project_2\Sangameshwaram\fro  ntend\node_modules\webpack\lib\NormalModuleFactory.js:622:22
      at D:\C Drive bkp\Desktop\BlackAnglerTechTeam\project_2\Sangameshwaram\fro  ntend\node_modules\webpack\lib\NormalModuleFactory.js:181:10
      at D:\C Drive bkp\Desktop\BlackAnglerTechTeam\project_2\Sangameshwaram\fro  ntend\node_modules\webpack\lib\NormalModuleFactory.js:894:25
      at D:\C Drive bkp\Desktop\BlackAnglerTechTeam\project_2\Sangameshwaram\fro  ntend\node_modules\webpack\lib\NormalModuleFactory.js:1126:8
      at D:\C Drive bkp\Desktop\BlackAnglerTechTeam\project_2\Sangameshwaram\fro  ntend\node_modules\webpack\lib\NormalModuleFactory.js:1255:5
      at D:\C Drive bkp\Desktop\BlackAnglerTechTeam\project_2\Sangameshwaram\fro  ntend\node_modules\neo-async\async.js:6883:13
      at D:\C Drive bkp\Desktop\BlackAnglerTechTeam\project_2\Sangameshwaram\fro  ntend\node_modules\webpack\lib\NormalModuleFactory.js:1238:45
      at finishWithoutResolve (D:\C Drive bkp\Desktop\BlackAnglerTechTeam\projec  t_2\Sangameshwaram\frontend\node_modules\enhanced-resolve\lib\Resolver.js:590:  11)
      at D:\C Drive bkp\Desktop\BlackAnglerTechTeam\project_2\Sangameshwaram\fro  ntend\node_modules\enhanced-resolve\lib\Resolver.js:679:14
      at D:\C Drive bkp\Desktop\BlackAnglerTechTeam\project_2\Sangameshwaram\fro  ntend\node_modules\enhanced-resolve\lib\Resolver.js:740:5
      at eval (eval at create (D:\C Drive bkp\Desktop\BlackAnglerTechTeam\projec  t_2\Sangameshwaram\frontend\node_modules\tapable\lib\HookCodeFactory.js:31:10)  , <anonymous>:16:1)
      at D:\C Drive bkp\Desktop\BlackAnglerTechTeam\project_2\Sangameshwaram\fro  ntend\node_modules\enhanced-resolve\lib\Resolver.js:740:5
      at eval (eval at create (D:\C Drive bkp\Desktop\BlackAnglerTechTeam\projec  t_2\Sangameshwaram\frontend\node_modules\tapable\lib\HookCodeFactory.js:31:10)  , <anonymous>:27:1)
      at D:\C Drive bkp\Desktop\BlackAnglerTechTeam\project_2\Sangameshwaram\fro  ntend\node_modules\enhanced-resolve\lib\DescriptionFilePlugin.js:89:43
      at D:\C Drive bkp\Desktop\BlackAnglerTechTeam\project_2\Sangameshwaram\fro  ntend\node_modules\enhanced-resolve\lib\Resolver.js:740:5
      at eval (eval at create (D:\C Drive bkp\Desktop\BlackAnglerTechTeam\projec  t_2\Sangameshwaram\frontend\node_modules\tapable\lib\HookCodeFactory.js:31:10)  , <anonymous>:15:1)
      at D:\C Drive bkp\Desktop\BlackAnglerTechTeam\project_2\Sangameshwaram\fro  ntend\node_modules\enhanced-resolve\lib\Resolver.js:740:5
      at eval (eval at create (D:\C Drive bkp\Desktop\BlackAnglerTechTeam\projec  t_2\Sangameshwaram\frontend\node_modules\tapable\lib\HookCodeFactory.js:31:10)  , <anonymous>:16:1)
      at D:\C Drive bkp\Desktop\BlackAnglerTechTeam\project_2\Sangameshwaram\fro  ntend\node_modules\enhanced-resolve\lib\Resolver.js:740:5
      at eval (eval at create (D:\C Drive bkp\Desktop\BlackAnglerTechTeam\projec  t_2\Sangameshwaram\frontend\node_modules\tapable\lib\HookCodeFactory.js:31:10)  , <anonymous>:16:1)
      at D:\C Drive bkp\Desktop\BlackAnglerTechTeam\project_2\Sangameshwaram\fro  ntend\node_modules\enhanced-resolve\lib\Resolver.js:740:5
      at eval (eval at create (D:\C Drive bkp\Desktop\BlackAnglerTechTeam\projec  t_2\Sangameshwaram\frontend\node_modules\tapable\lib\HookCodeFactory.js:31:10)  , <anonymous>:27:1)
      at D:\C Drive bkp\Desktop\BlackAnglerTechTeam\project_2\Sangameshwaram\fro  ntend\node_modules\enhanced-resolve\lib\DescriptionFilePlugin.js:89:43
      at D:\C Drive bkp\Desktop\BlackAnglerTechTeam\project_2\Sangameshwaram\fro  ntend\node_modules\enhanced-resolve\lib\Resolver.js:740:5
      at eval (eval at create (D:\C Drive bkp\Desktop\BlackAnglerTechTeam\projec  t_2\Sangameshwaram\frontend\node_modules\tapable\lib\HookCodeFactory.js:31:10)  , <anonymous>:16:1)
      at D:\C Drive bkp\Desktop\BlackAnglerTechTeam\project_2\Sangameshwaram\fro  ntend\node_modules\enhanced-resolve\lib\Resolver.js:740:5
      at eval (eval at create (D:\C Drive bkp\Desktop\BlackAnglerTechTeam\projec  t_2\Sangameshwaram\frontend\node_modules\tapable\lib\HookCodeFactory.js:31:10)  , <anonymous>:15:1)
      at D:\C Drive bkp\Desktop\BlackAnglerTechTeam\project_2\Sangameshwaram\fro  ntend\node_modules\enhanced-resolve\lib\DirectoryExistsPlugin.js:43:15
      at process.processTicksAndRejections (node:internal/process/task_queues:89  :21)
  
  - Compilation.js:2073 
    [frontend]/[webpack]/lib/Compilation.js:2073:28
  
  - NormalModuleFactory.js:1041 
    [frontend]/[webpack]/lib/NormalModuleFactory.js:1041:13
  
  
  - NormalModuleFactory.js:437 
    [frontend]/[webpack]/lib/NormalModuleFactory.js:437:22
  
  
  - NormalModuleFactory.js:622 
    [frontend]/[webpack]/lib/NormalModuleFactory.js:622:22
  
  - NormalModuleFactory.js:181 
    [frontend]/[webpack]/lib/NormalModuleFactory.js:181:10
  
  - NormalModuleFactory.js:894 
    [frontend]/[webpack]/lib/NormalModuleFactory.js:894:25
  
  - NormalModuleFactory.js:1126 
    [frontend]/[webpack]/lib/NormalModuleFactory.js:1126:8
  
  - NormalModuleFactory.js:1255 
    [frontend]/[webpack]/lib/NormalModuleFactory.js:1255:5
  
  - async.js:6883 
    [frontend]/[neo-async]/async.js:6883:13
  
  - NormalModuleFactory.js:1238 
    [frontend]/[webpack]/lib/NormalModuleFactory.js:1238:45
  
  - Resolver.js:590 finishWithoutResolve
    [frontend]/[enhanced-resolve]/lib/Resolver.js:590:11
  
  - Resolver.js:679 
    [frontend]/[enhanced-resolve]/lib/Resolver.js:679:14
  
  - Resolver.js:740 
    [frontend]/[enhanced-resolve]/lib/Resolver.js:740:5
  
  
  - Resolver.js:740 
    [frontend]/[enhanced-resolve]/lib/Resolver.js:740:5
  
  
  - DescriptionFilePlugin.js:89 
    [frontend]/[enhanced-resolve]/lib/DescriptionFilePlugin.js:89:43
  
  - Resolver.js:740 
    [frontend]/[enhanced-resolve]/lib/Resolver.js:740:5
  
  
  - Resolver.js:740 
    [frontend]/[enhanced-resolve]/lib/Resolver.js:740:5
  
  
  - Resolver.js:740 
    [frontend]/[enhanced-resolve]/lib/Resolver.js:740:5
  
  
  - Resolver.js:740 
    [frontend]/[enhanced-resolve]/lib/Resolver.js:740:5
  
  
  - DescriptionFilePlugin.js:89 
    [frontend]/[enhanced-resolve]/lib/DescriptionFilePlugin.js:89:43
  
  - Resolver.js:740 
    [frontend]/[enhanced-resolve]/lib/Resolver.js:740:5
  
  
  - Resolver.js:740 
    [frontend]/[enhanced-resolve]/lib/Resolver.js:740:5
  
  
  - DirectoryExistsPlugin.js:43 
    [frontend]/[enhanced-resolve]/lib/DirectoryExistsPlugin.js:43:15
  
  - task_queues:89 process.processTicksAndRejections
    node:internal/process/task_queues:89:21
  
  - child-compiler.js:211 
    [frontend]/[html-webpack-plugin]/lib/child-compiler.js:211:18
  
  - Compiler.js:648 finalCallback
    [frontend]/[webpack]/lib/Compiler.js:648:5
  
  - Compiler.js:684 
    [frontend]/[webpack]/lib/Compiler.js:684:11
  
  - Compiler.js:1379 
    [frontend]/[webpack]/lib/Compiler.js:1379:17
  
  
  - Hook.js:21 Hook.CALL_ASYNC_DELEGATE [as _callAsync]
    [frontend]/[tapable]/lib/Hook.js:21:14
  
  - Compiler.js:1375 
    [frontend]/[webpack]/lib/Compiler.js:1375:33
  
  - Compilation.js:3183 finalCallback
    [frontend]/[webpack]/lib/Compilation.js:3183:11
  
  - Compilation.js:3521 
    [frontend]/[webpack]/lib/Compilation.js:3521:11
  
  
  - Hook.js:21 Hook.CALL_ASYNC_DELEGATE [as _callAsync]
    [frontend]/[tapable]/lib/Hook.js:21:14
  
  - Compilation.js:3514 
    [frontend]/[webpack]/lib/Compilation.js:3514:38
  
  
  - Compilation.js:653 
    [frontend]/[webpack]/lib/Compilation.js:653:11
  
  - SourceMapDevToolPlugin.js:635 
    [frontend]/[webpack]/lib/SourceMapDevToolPlugin.js:635:10
  
  - async.js:2830 
    [frontend]/[neo-async]/async.js:2830:7
  
  - async.js:2857 Object.each
    [frontend]/[neo-async]/async.js:2857:9
  
[39m[22m

webpack compiled with [1m[31m1 error[39m[22m
Compiling...
Failed to compile.

Error: Child compilation failed:
  Module not found: Error: Can't resolve 'D:\C Drive bkp\Desktop\BlackAnglerTech  Team\project_2\Sangameshwaram\frontend\public\index.html' in 'D:\C Drive bkp\D  esktop\BlackAnglerTechTeam\project_2\Sangameshwaram\frontend'
  ModuleNotFoundError: Module not found: Error: Can't resolve 'D:\C Drive bkp\De  sktop\BlackAnglerTechTeam\project_2\Sangameshwaram\frontend\public\index.html'   in 'D:\C Drive bkp\Desktop\BlackAnglerTechTeam\project_2\Sangameshwaram\front  end'
      at finishWithoutResolve (D:\C Drive bkp\Desktop\BlackAnglerTechTeam\projec  t_2\Sangameshwaram\frontend\node_modules\enhanced-resolve\lib\Resolver.js:590:  11)
      at process.processTicksAndRejections (node:internal/process/task_queues:89  :21)
  
  - Compilation.js:2073 
    [frontend]/[webpack]/lib/Compilation.js:2073:28
  
  - NormalModuleFactory.js:1041 
    [frontend]/[webpack]/lib/NormalModuleFactory.js:1041:13
  
  - NormalModuleFactory.js:437 
    [frontend]/[webpack]/lib/NormalModuleFactory.js:437:22
  
  - NormalModuleFactory.js:622 
    [frontend]/[webpack]/lib/NormalModuleFactory.js:622:22
  
  - NormalModuleFactory.js:181 
    [frontend]/[webpack]/lib/NormalModuleFactory.js:181:10
  
  - NormalModuleFactory.js:894 
    [frontend]/[webpack]/lib/NormalModuleFactory.js:894:25
  
  - NormalModuleFactory.js:1126 
    [frontend]/[webpack]/lib/NormalModuleFactory.js:1126:8
  
  - NormalModuleFactory.js:1255 
    [frontend]/[webpack]/lib/NormalModuleFactory.js:1255:5
  
  - async.js:6883 
    [frontend]/[neo-async]/async.js:6883:13
  
  - NormalModuleFactory.js:1238 
    [frontend]/[webpack]/lib/NormalModuleFactory.js:1238:45
  
  - Resolver.js:590 finishWithoutResolve
    [frontend]/[enhanced-resolve]/lib/Resolver.js:590:11
  
  - Resolver.js:679 
    [frontend]/[enhanced-resolve]/lib/Resolver.js:679:14
  
  - Resolver.js:740 
    [frontend]/[enhanced-resolve]/lib/Resolver.js:740:5
  
  - Resolver.js:740 
    [frontend]/[enhanced-resolve]/lib/Resolver.js:740:5
  
  - DescriptionFilePlugin.js:89 
    [frontend]/[enhanced-resolve]/lib/DescriptionFilePlugin.js:89:43
  
  - Resolver.js:740 
    [frontend]/[enhanced-resolve]/lib/Resolver.js:740:5
  
  - Resolver.js:740 
    [frontend]/[enhanced-resolve]/lib/Resolver.js:740:5
  
  - Resolver.js:740 
    [frontend]/[enhanced-resolve]/lib/Resolver.js:740:5
  
  - Resolver.js:740 
    [frontend]/[enhanced-resolve]/lib/Resolver.js:740:5
  
  - DescriptionFilePlugin.js:89 
    [frontend]/[enhanced-resolve]/lib/DescriptionFilePlugin.js:89:43
  
  - Resolver.js:740 
    [frontend]/[enhanced-resolve]/lib/Resolver.js:740:5
  
  - Resolver.js:740 
    [frontend]/[enhanced-resolve]/lib/Resolver.js:740:5
  
  - DirectoryExistsPlugin.js:43 
    [frontend]/[enhanced-resolve]/lib/DirectoryExistsPlugin.js:43:15
  
  - task_queues:89 process.processTicksAndRejections
    node:internal/process/task_queues:89:21
  
  - child-compiler.js:211 
    [frontend]/[html-webpack-plugin]/lib/child-compiler.js:211:18
  
  - Compiler.js:648 finalCallback
    [frontend]/[webpack]/lib/Compiler.js:648:5
  
  - Compiler.js:684 
    [frontend]/[webpack]/lib/Compiler.js:684:11
  
  - Compiler.js:1379 
    [frontend]/[webpack]/lib/Compiler.js:1379:17
  
  - Hook.js:21 Hook.CALL_ASYNC_DELEGATE [as _callAsync]
    [frontend]/[tapable]/lib/Hook.js:21:14
  
  - Compiler.js:1375 
    [frontend]/[webpack]/lib/Compiler.js:1375:33
  
  - Compilation.js:3183 finalCallback
    [frontend]/[webpack]/lib/Compilation.js:3183:11
  
  - Compilation.js:3521 
    [frontend]/[webpack]/lib/Compilation.js:3521:11
  
  - Hook.js:21 Hook.CALL_ASYNC_DELEGATE [as _callAsync]
    [frontend]/[tapable]/lib/Hook.js:21:14
  
  - Compilation.js:3514 
    [frontend]/[webpack]/lib/Compilation.js:3514:38
  
  - Compilation.js:653 
    [frontend]/[webpack]/lib/Compilation.js:653:11
  
  - SourceMapDevToolPlugin.js:635 
    [frontend]/[webpack]/lib/SourceMapDevToolPlugin.js:635:10
  
  - async.js:2830 
    [frontend]/[neo-async]/async.js:2830:7
  
  - async.js:2857 Object.each
    [frontend]/[neo-async]/async.js:2857:9
[1m[31mERROR[39m[22m in [1m  [1m[31mError[39m[22m[1m: Child compilation [1m[31mfailed[39m[22m[1m:
  Module [1m[31mnot found[39m[22m[1m: [1m[31mError[39m[22m[1m: Can't resolve 'D:\C Drive bkp\Desktop\BlackAnglerTech  Team\project_2\Sangameshwaram\frontend\public\index.html' in 'D:\C Drive bkp\D  esktop\BlackAnglerTechTeam\project_2\Sangameshwaram\frontend'
  ModuleNotFoundError: Module [1m[31mnot found[39m[22m[1m: [1m[31mError[39m[22m[1m: Can't resolve 'D:\C Drive bkp\De  sktop\BlackAnglerTechTeam\project_2\Sangameshwaram\frontend\public\index.html'   in 'D:\C Drive bkp\Desktop\BlackAnglerTechTeam\project_2\Sangameshwaram\front  end'
      at D:\C Drive bkp\Desktop\BlackAnglerTechTeam\project_2\Sangameshwaram\fro  ntend\node_modules\webpack\lib\Compilation.js:2073:28
      at D:\C Drive bkp\Desktop\BlackAnglerTechTeam\project_2\Sangameshwaram\fro  ntend\node_modules\webpack\lib\NormalModuleFactory.js:1041:13
      at eval (eval at create (D:\C Drive bkp\Desktop\BlackAnglerTechTeam\projec  t_2\Sangameshwaram\frontend\node_modules\tapable\lib\HookCodeFactory.js:31:10)  , <anonymous>:10:1)
      at D:\C Drive bkp\Desktop\BlackAnglerTechTeam\project_2\Sangameshwaram\fro  ntend\node_modules\webpack\lib\NormalModuleFactory.js:437:22
      at eval (eval at create (D:\C Drive bkp\Desktop\BlackAnglerTechTeam\projec  t_2\Sangameshwaram\frontend\node_modules\tapable\lib\HookCodeFactory.js:31:10)  , <anonymous>:9:1)
      at D:\C Drive bkp\Desktop\BlackAnglerTechTeam\project_2\Sangameshwaram\fro  ntend\node_modules\webpack\lib\NormalModuleFactory.js:622:22
      at D:\C Drive bkp\Desktop\BlackAnglerTechTeam\project_2\Sangameshwaram\fro  ntend\node_modules\webpack\lib\NormalModuleFactory.js:181:10
      at D:\C Drive bkp\Desktop\BlackAnglerTechTeam\project_2\Sangameshwaram\fro  ntend\node_modules\webpack\lib\NormalModuleFactory.js:894:25
      at D:\C Drive bkp\Desktop\BlackAnglerTechTeam\project_2\Sangameshwaram\fro  ntend\node_modules\webpack\lib\NormalModuleFactory.js:1126:8
      at D:\C Drive bkp\Desktop\BlackAnglerTechTeam\project_2\Sangameshwaram\fro  ntend\node_modules\webpack\lib\NormalModuleFactory.js:1255:5
      at D:\C Drive bkp\Desktop\BlackAnglerTechTeam\project_2\Sangameshwaram\fro  ntend\node_modules\neo-async\async.js:6883:13
      at D:\C Drive bkp\Desktop\BlackAnglerTechTeam\project_2\Sangameshwaram\fro  ntend\node_modules\webpack\lib\NormalModuleFactory.js:1238:45
      at finishWithoutResolve (D:\C Drive bkp\Desktop\BlackAnglerTechTeam\projec  t_2\Sangameshwaram\frontend\node_modules\enhanced-resolve\lib\Resolver.js:590:  11)
      at D:\C Drive bkp\Desktop\BlackAnglerTechTeam\project_2\Sangameshwaram\fro  ntend\node_modules\enhanced-resolve\lib\Resolver.js:679:14
      at D:\C Drive bkp\Desktop\BlackAnglerTechTeam\project_2\Sangameshwaram\fro  ntend\node_modules\enhanced-resolve\lib\Resolver.js:740:5
      at eval (eval at create (D:\C Drive bkp\Desktop\BlackAnglerTechTeam\projec  t_2\Sangameshwaram\frontend\node_modules\tapable\lib\HookCodeFactory.js:31:10)  , <anonymous>:16:1)
      at D:\C Drive bkp\Desktop\BlackAnglerTechTeam\project_2\Sangameshwaram\fro  ntend\node_modules\enhanced-resolve\lib\Resolver.js:740:5
      at eval (eval at create (D:\C Drive bkp\Desktop\BlackAnglerTechTeam\projec  t_2\Sangameshwaram\frontend\node_modules\tapable\lib\HookCodeFactory.js:31:10)  , <anonymous>:27:1)
      at D:\C Drive bkp\Desktop\BlackAnglerTechTeam\project_2\Sangameshwaram\fro  ntend\node_modules\enhanced-resolve\lib\DescriptionFilePlugin.js:89:43
      at D:\C Drive bkp\Desktop\BlackAnglerTechTeam\project_2\Sangameshwaram\fro  ntend\node_modules\enhanced-resolve\lib\Resolver.js:740:5
      at eval (eval at create (D:\C Drive bkp\Desktop\BlackAnglerTechTeam\projec  t_2\Sangameshwaram\frontend\node_modules\tapable\lib\HookCodeFactory.js:31:10)  , <anonymous>:15:1)
      at D:\C Drive bkp\Desktop\BlackAnglerTechTeam\project_2\Sangameshwaram\fro  ntend\node_modules\enhanced-resolve\lib\Resolver.js:740:5
      at eval (eval at create (D:\C Drive bkp\Desktop\BlackAnglerTechTeam\projec  t_2\Sangameshwaram\frontend\node_modules\tapable\lib\HookCodeFactory.js:31:10)  , <anonymous>:16:1)
      at D:\C Drive bkp\Desktop\BlackAnglerTechTeam\project_2\Sangameshwaram\fro  ntend\node_modules\enhanced-resolve\lib\Resolver.js:740:5
      at eval (eval at create (D:\C Drive bkp\Desktop\BlackAnglerTechTeam\projec  t_2\Sangameshwaram\frontend\node_modules\tapable\lib\HookCodeFactory.js:31:10)  , <anonymous>:16:1)
      at D:\C Drive bkp\Desktop\BlackAnglerTechTeam\project_2\Sangameshwaram\fro  ntend\node_modules\enhanced-resolve\lib\Resolver.js:740:5
      at eval (eval at create (D:\C Drive bkp\Desktop\BlackAnglerTechTeam\projec  t_2\Sangameshwaram\frontend\node_modules\tapable\lib\HookCodeFactory.js:31:10)  , <anonymous>:27:1)
      at D:\C Drive bkp\Desktop\BlackAnglerTechTeam\project_2\Sangameshwaram\fro  ntend\node_modules\enhanced-resolve\lib\DescriptionFilePlugin.js:89:43
      at D:\C Drive bkp\Desktop\BlackAnglerTechTeam\project_2\Sangameshwaram\fro  ntend\node_modules\enhanced-resolve\lib\Resolver.js:740:5
      at eval (eval at create (D:\C Drive bkp\Desktop\BlackAnglerTechTeam\projec  t_2\Sangameshwaram\frontend\node_modules\tapable\lib\HookCodeFactory.js:31:10)  , <anonymous>:16:1)
      at D:\C Drive bkp\Desktop\BlackAnglerTechTeam\project_2\Sangameshwaram\fro  ntend\node_modules\enhanced-resolve\lib\Resolver.js:740:5
      at eval (eval at create (D:\C Drive bkp\Desktop\BlackAnglerTechTeam\projec  t_2\Sangameshwaram\frontend\node_modules\tapable\lib\HookCodeFactory.js:31:10)  , <anonymous>:15:1)
      at D:\C Drive bkp\Desktop\BlackAnglerTechTeam\project_2\Sangameshwaram\fro  ntend\node_modules\enhanced-resolve\lib\DirectoryExistsPlugin.js:43:15
      at process.processTicksAndRejections (node:internal/process/task_queues:89  :21)
  
  - Compilation.js:2073 
    [frontend]/[webpack]/lib/Compilation.js:2073:28
  
  - NormalModuleFactory.js:1041 
    [frontend]/[webpack]/lib/NormalModuleFactory.js:1041:13
  
  
  - NormalModuleFactory.js:437 
    [frontend]/[webpack]/lib/NormalModuleFactory.js:437:22
  
  
  - NormalModuleFactory.js:622 
    [frontend]/[webpack]/lib/NormalModuleFactory.js:622:22
  
  - NormalModuleFactory.js:181 
    [frontend]/[webpack]/lib/NormalModuleFactory.js:181:10
  
  - NormalModuleFactory.js:894 
    [frontend]/[webpack]/lib/NormalModuleFactory.js:894:25
  
  - NormalModuleFactory.js:1126 
    [frontend]/[webpack]/lib/NormalModuleFactory.js:1126:8
  
  - NormalModuleFactory.js:1255 
    [frontend]/[webpack]/lib/NormalModuleFactory.js:1255:5
  
  - async.js:6883 
    [frontend]/[neo-async]/async.js:6883:13
  
  - NormalModuleFactory.js:1238 
    [frontend]/[webpack]/lib/NormalModuleFactory.js:1238:45
  
  - Resolver.js:590 finishWithoutResolve
    [frontend]/[enhanced-resolve]/lib/Resolver.js:590:11
  
  - Resolver.js:679 
    [frontend]/[enhanced-resolve]/lib/Resolver.js:679:14
  
  - Resolver.js:740 
    [frontend]/[enhanced-resolve]/lib/Resolver.js:740:5
  
  
  - Resolver.js:740 
    [frontend]/[enhanced-resolve]/lib/Resolver.js:740:5
  
  
  - DescriptionFilePlugin.js:89 
    [frontend]/[enhanced-resolve]/lib/DescriptionFilePlugin.js:89:43
  
  - Resolver.js:740 
    [frontend]/[enhanced-resolve]/lib/Resolver.js:740:5
  
  
  - Resolver.js:740 
    [frontend]/[enhanced-resolve]/lib/Resolver.js:740:5
  
  
  - Resolver.js:740 
    [frontend]/[enhanced-resolve]/lib/Resolver.js:740:5
  
  
  - Resolver.js:740 
    [frontend]/[enhanced-resolve]/lib/Resolver.js:740:5
  
  
  - DescriptionFilePlugin.js:89 
    [frontend]/[enhanced-resolve]/lib/DescriptionFilePlugin.js:89:43
  
  - Resolver.js:740 
    [frontend]/[enhanced-resolve]/lib/Resolver.js:740:5
  
  
  - Resolver.js:740 
    [frontend]/[enhanced-resolve]/lib/Resolver.js:740:5
  
  
  - DirectoryExistsPlugin.js:43 
    [frontend]/[enhanced-resolve]/lib/DirectoryExistsPlugin.js:43:15
  
  - task_queues:89 process.processTicksAndRejections
    node:internal/process/task_queues:89:21
  
  - child-compiler.js:211 
    [frontend]/[html-webpack-plugin]/lib/child-compiler.js:211:18
  
  - Compiler.js:648 finalCallback
    [frontend]/[webpack]/lib/Compiler.js:648:5
  
  - Compiler.js:684 
    [frontend]/[webpack]/lib/Compiler.js:684:11
  
  - Compiler.js:1379 
    [frontend]/[webpack]/lib/Compiler.js:1379:17
  
  
  - Hook.js:21 Hook.CALL_ASYNC_DELEGATE [as _callAsync]
    [frontend]/[tapable]/lib/Hook.js:21:14
  
  - Compiler.js:1375 
    [frontend]/[webpack]/lib/Compiler.js:1375:33
  
  - Compilation.js:3183 finalCallback
    [frontend]/[webpack]/lib/Compilation.js:3183:11
  
  - Compilation.js:3521 
    [frontend]/[webpack]/lib/Compilation.js:3521:11
  
  
  - Hook.js:21 Hook.CALL_ASYNC_DELEGATE [as _callAsync]
    [frontend]/[tapable]/lib/Hook.js:21:14
  
  - Compilation.js:3514 
    [frontend]/[webpack]/lib/Compilation.js:3514:38
  
  
  - Compilation.js:653 
    [frontend]/[webpack]/lib/Compilation.js:653:11
  
  - SourceMapDevToolPlugin.js:635 
    [frontend]/[webpack]/lib/SourceMapDevToolPlugin.js:635:10
  
  - async.js:2830 
    [frontend]/[neo-async]/async.js:2830:7
  
  - async.js:2857 Object.each
    [frontend]/[neo-async]/async.js:2857:9
  
[39m[22m

webpack compiled with [1m[31m1 error[39m[22m
Compiling...
Failed to compile.

Module not found: Error: Can't resolve 'D:\C Drive bkp\Desktop\BlackAnglerTechTeam\project_2\Sangameshwaram\frontend\node_modules\@pmmmwh\react-refresh-webpack-plugin\client\ReactRefreshEntry.js' in 'D:\C Drive bkp\Desktop\BlackAnglerTechTeam\project_2\Sangameshwaram\frontend'
[1m[31mERROR[39m[22m in [1mModule [1m[31mnot found[39m[22m[1m: [1m[31mError[39m[22m[1m: Can't resolve 'D:\C Drive bkp\Desktop\BlackAnglerTechTeam\project_2\Sangameshwaram\frontend\node_modules\@pmmmwh\react-refresh-webpack-plugin\client\ReactRefreshEntry.js' in 'D:\C Drive bkp\Desktop\BlackAnglerTechTeam\project_2\Sangameshwaram\frontend'[39m[22m

[1m[31mERROR[39m[22m in [1m[32mmain[39m[22m
[1mModule [1m[31mnot found[39m[22m[1m: [1m[31mError[39m[22m[1m: Can't resolve 'D:\C Drive bkp\Desktop\BlackAnglerTechTeam\project_2\Sangameshwaram\frontend\node_modules\babel-loader\lib\index.js' in 'D:\C Drive bkp\Desktop\BlackAnglerTechTeam\project_2\Sangameshwaram\frontend'[39m[22m

[1m[31mERROR[39m[22m in [1mModule [1m[31mnot found[39m[22m[1m: [1m[31mError[39m[22m[1m: Can't resolve 'D:\C Drive bkp\Desktop\BlackAnglerTechTeam\project_2\Sangameshwaram\frontend\node_modules\webpack-dev-server\client\index.js?protocol=ws%3A&hostname=0.0.0.0&port=3000&pathname=%2Fws&logging=none&overlay=%7B%22errors%22%3Atrue%2C%22warnings%22%3Afalse%7D&reconnect=10&hot=true&live-reload=true' in 'D:\C Drive bkp\Desktop\BlackAnglerTechTeam\project_2\Sangameshwaram\frontend'[39m[22m

[1m[31mERROR[39m[22m in [1mModule [1m[31mnot found[39m[22m[1m: [1m[31mError[39m[22m[1m: Can't resolve 'D:\C Drive bkp\Desktop\BlackAnglerTechTeam\project_2\Sangameshwaram\frontend\node_modules\webpack\hot\dev-server.js' in 'D:\C Drive bkp\Desktop\BlackAnglerTechTeam\project_2\Sangameshwaram\frontend'[39m[22m

[1m[31mERROR[39m[22m in [1m  [1m[31mError[39m[22m[1m: Child compilation [1m[31mfailed[39m[22m[1m:
  Module [1m[31mnot found[39m[22m[1m: [1m[31mError[39m[22m[1m: Can't resolve 'D:\C Drive bkp\Desktop\BlackAnglerTech  Team\project_2\Sangameshwaram\frontend\public\index.html' in 'D:\C Drive bkp\D  esktop\BlackAnglerTechTeam\project_2\Sangameshwaram\frontend'
  ModuleNotFoundError: Module [1m[31mnot found[39m[22m[1m: [1m[31mError[39m[22m[1m: Can't resolve 'D:\C Drive bkp\De  sktop\BlackAnglerTechTeam\project_2\Sangameshwaram\frontend\public\index.html'   in 'D:\C Drive bkp\Desktop\BlackAnglerTechTeam\project_2\Sangameshwaram\front  end'
      at D:\C Drive bkp\Desktop\BlackAnglerTechTeam\project_2\Sangameshwaram\fro  ntend\node_modules\webpack\lib\Compilation.js:2073:28
      at D:\C Drive bkp\Desktop\BlackAnglerTechTeam\project_2\Sangameshwaram\fro  ntend\node_modules\webpack\lib\NormalModuleFactory.js:1041:13
      at eval (eval at create (D:\C Drive bkp\Desktop\BlackAnglerTechTeam\projec  t_2\Sangameshwaram\frontend\node_modules\tapable\lib\HookCodeFactory.js:31:10)  , <anonymous>:10:1)
      at D:\C Drive bkp\Desktop\BlackAnglerTechTeam\project_2\Sangameshwaram\fro  ntend\node_modules\webpack\lib\NormalModuleFactory.js:437:22
      at eval (eval at create (D:\C Drive bkp\Desktop\BlackAnglerTechTeam\projec  t_2\Sangameshwaram\frontend\node_modules\tapable\lib\HookCodeFactory.js:31:10)  , <anonymous>:9:1)
      at D:\C Drive bkp\Desktop\BlackAnglerTechTeam\project_2\Sangameshwaram\fro  ntend\node_modules\webpack\lib\NormalModuleFactory.js:622:22
      at D:\C Drive bkp\Desktop\BlackAnglerTechTeam\project_2\Sangameshwaram\fro  ntend\node_modules\webpack\lib\NormalModuleFactory.js:185:10
      at D:\C Drive bkp\Desktop\BlackAnglerTechTeam\project_2\Sangameshwaram\fro  ntend\node_modules\webpack\lib\NormalModuleFactory.js:894:25
      at D:\C Drive bkp\Desktop\BlackAnglerTechTeam\project_2\Sangameshwaram\fro  ntend\node_modules\webpack\lib\NormalModuleFactory.js:1126:8
      at D:\C Drive bkp\Desktop\BlackAnglerTechTeam\project_2\Sangameshwaram\fro  ntend\node_modules\webpack\lib\NormalModuleFactory.js:1255:5
      at D:\C Drive bkp\Desktop\BlackAnglerTechTeam\project_2\Sangameshwaram\fro  ntend\node_modules\neo-async\async.js:6883:13
      at D:\C Drive bkp\Desktop\BlackAnglerTechTeam\project_2\Sangameshwaram\fro  ntend\node_modules\webpack\lib\NormalModuleFactory.js:1238:45
      at finishWithoutResolve (D:\C Drive bkp\Desktop\BlackAnglerTechTeam\projec  t_2\Sangameshwaram\frontend\node_modules\enhanced-resolve\lib\Resolver.js:590:  11)
      at D:\C Drive bkp\Desktop\BlackAnglerTechTeam\project_2\Sangameshwaram\fro  ntend\node_modules\enhanced-resolve\lib\Resolver.js:679:14
      at D:\C Drive bkp\Desktop\BlackAnglerTechTeam\project_2\Sangameshwaram\fro  ntend\node_modules\enhanced-resolve\lib\Resolver.js:740:5
      at eval (eval at create (D:\C Drive bkp\Desktop\BlackAnglerTechTeam\projec  t_2\Sangameshwaram\frontend\node_modules\tapable\lib\HookCodeFactory.js:31:10)  , <anonymous>:16:1)
      at D:\C Drive bkp\Desktop\BlackAnglerTechTeam\project_2\Sangameshwaram\fro  ntend\node_modules\enhanced-resolve\lib\Resolver.js:740:5
      at eval (eval at create (D:\C Drive bkp\Desktop\BlackAnglerTechTeam\projec  t_2\Sangameshwaram\frontend\node_modules\tapable\lib\HookCodeFactory.js:31:10)  , <anonymous>:27:1)
      at D:\C Drive bkp\Desktop\BlackAnglerTechTeam\project_2\Sangameshwaram\fro  ntend\node_modules\enhanced-resolve\lib\DescriptionFilePlugin.js:89:43
      at D:\C Drive bkp\Desktop\BlackAnglerTechTeam\project_2\Sangameshwaram\fro  ntend\node_modules\enhanced-resolve\lib\Resolver.js:740:5
      at eval (eval at create (D:\C Drive bkp\Desktop\BlackAnglerTechTeam\projec  t_2\Sangameshwaram\frontend\node_modules\tapable\lib\HookCodeFactory.js:31:10)  , <anonymous>:15:1)
      at D:\C Drive bkp\Desktop\BlackAnglerTechTeam\project_2\Sangameshwaram\fro  ntend\node_modules\enhanced-resolve\lib\Resolver.js:740:5
      at eval (eval at create (D:\C Drive bkp\Desktop\BlackAnglerTechTeam\projec  t_2\Sangameshwaram\frontend\node_modules\tapable\lib\HookCodeFactory.js:31:10)  , <anonymous>:16:1)
      at D:\C Drive bkp\Desktop\BlackAnglerTechTeam\project_2\Sangameshwaram\fro  ntend\node_modules\enhanced-resolve\lib\Resolver.js:740:5
      at eval (eval at create (D:\C Drive bkp\Desktop\BlackAnglerTechTeam\projec  t_2\Sangameshwaram\frontend\node_modules\tapable\lib\HookCodeFactory.js:31:10)  , <anonymous>:16:1)
      at D:\C Drive bkp\Desktop\BlackAnglerTechTeam\project_2\Sangameshwaram\fro  ntend\node_modules\enhanced-resolve\lib\Resolver.js:740:5
      at eval (eval at create (D:\C Drive bkp\Desktop\BlackAnglerTechTeam\projec  t_2\Sangameshwaram\frontend\node_modules\tapable\lib\HookCodeFactory.js:31:10)  , <anonymous>:27:1)
      at D:\C Drive bkp\Desktop\BlackAnglerTechTeam\project_2\Sangameshwaram\fro  ntend\node_modules\enhanced-resolve\lib\DescriptionFilePlugin.js:89:43
      at D:\C Drive bkp\Desktop\BlackAnglerTechTeam\project_2\Sangameshwaram\fro  ntend\node_modules\enhanced-resolve\lib\Resolver.js:740:5
      at eval (eval at create (D:\C Drive bkp\Desktop\BlackAnglerTechTeam\projec  t_2\Sangameshwaram\frontend\node_modules\tapable\lib\HookCodeFactory.js:31:10)  , <anonymous>:16:1)
      at D:\C Drive bkp\Desktop\BlackAnglerTechTeam\project_2\Sangameshwaram\fro  ntend\node_modules\enhanced-resolve\lib\Resolver.js:740:5
      at eval (eval at create (D:\C Drive bkp\Desktop\BlackAnglerTechTeam\projec  t_2\Sangameshwaram\frontend\node_modules\tapable\lib\HookCodeFactory.js:31:10)  , <anonymous>:15:1)
      at D:\C Drive bkp\Desktop\BlackAnglerTechTeam\project_2\Sangameshwaram\fro  ntend\node_modules\enhanced-resolve\lib\DirectoryExistsPlugin.js:43:15
      at process.processTicksAndRejections (node:internal/process/task_queues:89  :21)
  
  - Compilation.js:2073 
    [frontend]/[webpack]/lib/Compilation.js:2073:28
  
  - NormalModuleFactory.js:1041 
    [frontend]/[webpack]/lib/NormalModuleFactory.js:1041:13
  
  
  - NormalModuleFactory.js:437 
    [frontend]/[webpack]/lib/NormalModuleFactory.js:437:22
  
  
  - NormalModuleFactory.js:622 
    [frontend]/[webpack]/lib/NormalModuleFactory.js:622:22
  
  - NormalModuleFactory.js:185 
    [frontend]/[webpack]/lib/NormalModuleFactory.js:185:10
  
  - NormalModuleFactory.js:894 
    [frontend]/[webpack]/lib/NormalModuleFactory.js:894:25
  
  - NormalModuleFactory.js:1126 
    [frontend]/[webpack]/lib/NormalModuleFactory.js:1126:8
  
  - NormalModuleFactory.js:1255 
    [frontend]/[webpack]/lib/NormalModuleFactory.js:1255:5
  
  - async.js:6883 
    [frontend]/[neo-async]/async.js:6883:13
  
  - NormalModuleFactory.js:1238 
    [frontend]/[webpack]/lib/NormalModuleFactory.js:1238:45
  
  - Resolver.js:590 finishWithoutResolve
    [frontend]/[enhanced-resolve]/lib/Resolver.js:590:11
  
  - Resolver.js:679 
    [frontend]/[enhanced-resolve]/lib/Resolver.js:679:14
  
  - Resolver.js:740 
    [frontend]/[enhanced-resolve]/lib/Resolver.js:740:5
  
  
  - Resolver.js:740 
    [frontend]/[enhanced-resolve]/lib/Resolver.js:740:5
  
  
  - DescriptionFilePlugin.js:89 
    [frontend]/[enhanced-resolve]/lib/DescriptionFilePlugin.js:89:43
  
  - Resolver.js:740 
    [frontend]/[enhanced-resolve]/lib/Resolver.js:740:5
  
  
  - Resolver.js:740 
    [frontend]/[enhanced-resolve]/lib/Resolver.js:740:5
  
  
  - Resolver.js:740 
    [frontend]/[enhanced-resolve]/lib/Resolver.js:740:5
  
  
  - Resolver.js:740 
    [frontend]/[enhanced-resolve]/lib/Resolver.js:740:5
  
  
  - DescriptionFilePlugin.js:89 
    [frontend]/[enhanced-resolve]/lib/DescriptionFilePlugin.js:89:43
  
  - Resolver.js:740 
    [frontend]/[enhanced-resolve]/lib/Resolver.js:740:5
  
  
  - Resolver.js:740 
    [frontend]/[enhanced-resolve]/lib/Resolver.js:740:5
  
  
  - DirectoryExistsPlugin.js:43 
    [frontend]/[enhanced-resolve]/lib/DirectoryExistsPlugin.js:43:15
  
  - task_queues:89 process.processTicksAndRejections
    node:internal/process/task_queues:89:21
  
  - child-compiler.js:211 
    [frontend]/[html-webpack-plugin]/lib/child-compiler.js:211:18
  
  - Compiler.js:648 finalCallback
    [frontend]/[webpack]/lib/Compiler.js:648:5
  
  - Compiler.js:684 
    [frontend]/[webpack]/lib/Compiler.js:684:11
  
  - Compiler.js:1379 
    [frontend]/[webpack]/lib/Compiler.js:1379:17
  
  
  - Hook.js:21 Hook.CALL_ASYNC_DELEGATE [as _callAsync]
    [frontend]/[tapable]/lib/Hook.js:21:14
  
  - Compiler.js:1375 
    [frontend]/[webpack]/lib/Compiler.js:1375:33
  
  - Compilation.js:3183 finalCallback
    [frontend]/[webpack]/lib/Compilation.js:3183:11
  
  - Compilation.js:3521 
    [frontend]/[webpack]/lib/Compilation.js:3521:11
  
  
  - Hook.js:21 Hook.CALL_ASYNC_DELEGATE [as _callAsync]
    [frontend]/[tapable]/lib/Hook.js:21:14
  
  - Compilation.js:3514 
    [frontend]/[webpack]/lib/Compilation.js:3514:38
  
  
  - Compilation.js:653 
    [frontend]/[webpack]/lib/Compilation.js:653:11
  
  - SourceMapDevToolPlugin.js:635 
    [frontend]/[webpack]/lib/SourceMapDevToolPlugin.js:635:10
  
  - async.js:2830 
    [frontend]/[neo-async]/async.js:2830:7
  
  - async.js:2857 Object.each
    [frontend]/[neo-async]/async.js:2857:9
  
[39m[22m

[1m[31m1 ERROR in child compilations (Use 'stats.children: true' resp. '--stats-children' for more details)[39m[22m
webpack compiled with [1m[31m6 errors[39m[22m
Compiling...
Failed to compile.

Module not found: Error: Can't resolve 'D:\C Drive bkp\Desktop\BlackAnglerTechTeam\project_2\Sangameshwaram\frontend\node_modules\@pmmmwh\react-refresh-webpack-plugin\client\ReactRefreshEntry.js' in 'D:\C Drive bkp\Desktop\BlackAnglerTechTeam\project_2\Sangameshwaram\frontend'
[1m[31mERROR[39m[22m in [1mModule [1m[31mnot found[39m[22m[1m: [1m[31mError[39m[22m[1m: Can't resolve 'D:\C Drive bkp\Desktop\BlackAnglerTechTeam\project_2\Sangameshwaram\frontend\node_modules\@pmmmwh\react-refresh-webpack-plugin\client\ReactRefreshEntry.js' in 'D:\C Drive bkp\Desktop\BlackAnglerTechTeam\project_2\Sangameshwaram\frontend'[39m[22m

[1m[31mERROR[39m[22m in [1mModule [1m[31mnot found[39m[22m[1m: [1m[31mError[39m[22m[1m: Can't resolve 'D:\C Drive bkp\Desktop\BlackAnglerTechTeam\project_2\Sangameshwaram\frontend\node_modules\webpack-dev-server\client\index.js?protocol=ws%3A&hostname=0.0.0.0&port=3000&pathname=%2Fws&logging=none&overlay=%7B%22errors%22%3Atrue%2C%22warnings%22%3Afalse%7D&reconnect=10&hot=true&live-reload=true' in 'D:\C Drive bkp\Desktop\BlackAnglerTechTeam\project_2\Sangameshwaram\frontend'[39m[22m

[1m[31mERROR[39m[22m in [1mModule [1m[31mnot found[39m[22m[1m: [1m[31mError[39m[22m[1m: Can't resolve 'D:\C Drive bkp\Desktop\BlackAnglerTechTeam\project_2\Sangameshwaram\frontend\node_modules\webpack\hot\dev-server.js' in 'D:\C Drive bkp\Desktop\BlackAnglerTechTeam\project_2\Sangameshwaram\frontend'[39m[22m

[1m[31mERROR[39m[22m in [1m[32mmain[39m[22m
[1mModule [1m[31mnot found[39m[22m[1m: [1m[31mError[39m[22m[1m: Can't resolve 'D:\C Drive bkp\Desktop\BlackAnglerTechTeam\project_2\Sangameshwaram\frontend\src\index.js' in 'D:\C Drive bkp\Desktop\BlackAnglerTechTeam\project_2\Sangameshwaram\frontend'[39m[22m

[1m[31mERROR[39m[22m in [1m  [1m[31mError[39m[22m[1m: Child compilation [1m[31mfailed[39m[22m[1m:
  Module [1m[31mnot found[39m[22m[1m: [1m[31mError[39m[22m[1m: Can't resolve 'D:\C Drive bkp\Desktop\BlackAnglerTech  Team\project_2\Sangameshwaram\frontend\public\index.html' in 'D:\C Drive bkp\D  esktop\BlackAnglerTechTeam\project_2\Sangameshwaram\frontend'
  ModuleNotFoundError: Module [1m[31mnot found[39m[22m[1m: [1m[31mError[39m[22m[1m: Can't resolve 'D:\C Drive bkp\De  sktop\BlackAnglerTechTeam\project_2\Sangameshwaram\frontend\public\index.html'   in 'D:\C Drive bkp\Desktop\BlackAnglerTechTeam\project_2\Sangameshwaram\front  end'
      at D:\C Drive bkp\Desktop\BlackAnglerTechTeam\project_2\Sangameshwaram\fro  ntend\node_modules\webpack\lib\Compilation.js:2073:28
      at D:\C Drive bkp\Desktop\BlackAnglerTechTeam\project_2\Sangameshwaram\fro  ntend\node_modules\webpack\lib\NormalModuleFactory.js:1041:13
      at eval (eval at create (D:\C Drive bkp\Desktop\BlackAnglerTechTeam\projec  t_2\Sangameshwaram\frontend\node_modules\tapable\lib\HookCodeFactory.js:31:10)  , <anonymous>:10:1)
      at D:\C Drive bkp\Desktop\BlackAnglerTechTeam\project_2\Sangameshwaram\fro  ntend\node_modules\webpack\lib\NormalModuleFactory.js:437:22
      at eval (eval at create (D:\C Drive bkp\Desktop\BlackAnglerTechTeam\projec  t_2\Sangameshwaram\frontend\node_modules\tapable\lib\HookCodeFactory.js:31:10)  , <anonymous>:9:1)
      at D:\C Drive bkp\Desktop\BlackAnglerTechTeam\project_2\Sangameshwaram\fro  ntend\node_modules\webpack\lib\NormalModuleFactory.js:622:22
      at D:\C Drive bkp\Desktop\BlackAnglerTechTeam\project_2\Sangameshwaram\fro  ntend\node_modules\webpack\lib\NormalModuleFactory.js:185:10
      at D:\C Drive bkp\Desktop\BlackAnglerTechTeam\project_2\Sangameshwaram\fro  ntend\node_modules\webpack\lib\NormalModuleFactory.js:894:25
      at D:\C Drive bkp\Desktop\BlackAnglerTechTeam\project_2\Sangameshwaram\fro  ntend\node_modules\webpack\lib\NormalModuleFactory.js:1126:8
      at D:\C Drive bkp\Desktop\BlackAnglerTechTeam\project_2\Sangameshwaram\fro  ntend\node_modules\webpack\lib\NormalModuleFactory.js:1255:5
      at D:\C Drive bkp\Desktop\BlackAnglerTechTeam\project_2\Sangameshwaram\fro  ntend\node_modules\neo-async\async.js:6883:13
      at D:\C Drive bkp\Desktop\BlackAnglerTechTeam\project_2\Sangameshwaram\fro  ntend\node_modules\webpack\lib\NormalModuleFactory.js:1238:45
      at finishWithoutResolve (D:\C Drive bkp\Desktop\BlackAnglerTechTeam\projec  t_2\Sangameshwaram\frontend\node_modules\enhanced-resolve\lib\Resolver.js:590:  11)
      at D:\C Drive bkp\Desktop\BlackAnglerTechTeam\project_2\Sangameshwaram\fro  ntend\node_modules\enhanced-resolve\lib\Resolver.js:679:14
      at D:\C Drive bkp\Desktop\BlackAnglerTechTeam\project_2\Sangameshwaram\fro  ntend\node_modules\enhanced-resolve\lib\Resolver.js:740:5
      at eval (eval at create (D:\C Drive bkp\Desktop\BlackAnglerTechTeam\projec  t_2\Sangameshwaram\frontend\node_modules\tapable\lib\HookCodeFactory.js:31:10)  , <anonymous>:16:1)
      at D:\C Drive bkp\Desktop\BlackAnglerTechTeam\project_2\Sangameshwaram\fro  ntend\node_modules\enhanced-resolve\lib\Resolver.js:740:5
      at eval (eval at create (D:\C Drive bkp\Desktop\BlackAnglerTechTeam\projec  t_2\Sangameshwaram\frontend\node_modules\tapable\lib\HookCodeFactory.js:31:10)  , <anonymous>:27:1)
      at D:\C Drive bkp\Desktop\BlackAnglerTechTeam\project_2\Sangameshwaram\fro  ntend\node_modules\enhanced-resolve\lib\DescriptionFilePlugin.js:89:43
      at D:\C Drive bkp\Desktop\BlackAnglerTechTeam\project_2\Sangameshwaram\fro  ntend\node_modules\enhanced-resolve\lib\Resolver.js:740:5
      at eval (eval at create (D:\C Drive bkp\Desktop\BlackAnglerTechTeam\projec  t_2\Sangameshwaram\frontend\node_modules\tapable\lib\HookCodeFactory.js:31:10)  , <anonymous>:15:1)
      at D:\C Drive bkp\Desktop\BlackAnglerTechTeam\project_2\Sangameshwaram\fro  ntend\node_modules\enhanced-resolve\lib\Resolver.js:740:5
      at eval (eval at create (D:\C Drive bkp\Desktop\BlackAnglerTechTeam\projec  t_2\Sangameshwaram\frontend\node_modules\tapable\lib\HookCodeFactory.js:31:10)  , <anonymous>:16:1)
      at D:\C Drive bkp\Desktop\BlackAnglerTechTeam\project_2\Sangameshwaram\fro  ntend\node_modules\enhanced-resolve\lib\Resolver.js:740:5
      at eval (eval at create (D:\C Drive bkp\Desktop\BlackAnglerTechTeam\projec  t_2\Sangameshwaram\frontend\node_modules\tapable\lib\HookCodeFactory.js:31:10)  , <anonymous>:16:1)
      at D:\C Drive bkp\Desktop\BlackAnglerTechTeam\project_2\Sangameshwaram\fro  ntend\node_modules\enhanced-resolve\lib\Resolver.js:740:5
      at eval (eval at create (D:\C Drive bkp\Desktop\BlackAnglerTechTeam\projec  t_2\Sangameshwaram\frontend\node_modules\tapable\lib\HookCodeFactory.js:31:10)  , <anonymous>:27:1)
      at D:\C Drive bkp\Desktop\BlackAnglerTechTeam\project_2\Sangameshwaram\fro  ntend\node_modules\enhanced-resolve\lib\DescriptionFilePlugin.js:89:43
      at D:\C Drive bkp\Desktop\BlackAnglerTechTeam\project_2\Sangameshwaram\fro  ntend\node_modules\enhanced-resolve\lib\Resolver.js:740:5
      at eval (eval at create (D:\C Drive bkp\Desktop\BlackAnglerTechTeam\projec  t_2\Sangameshwaram\frontend\node_modules\tapable\lib\HookCodeFactory.js:31:10)  , <anonymous>:16:1)
      at D:\C Drive bkp\Desktop\BlackAnglerTechTeam\project_2\Sangameshwaram\fro  ntend\node_modules\enhanced-resolve\lib\Resolver.js:740:5
      at eval (eval at create (D:\C Drive bkp\Desktop\BlackAnglerTechTeam\projec  t_2\Sangameshwaram\frontend\node_modules\tapable\lib\HookCodeFactory.js:31:10)  , <anonymous>:15:1)
      at D:\C Drive bkp\Desktop\BlackAnglerTechTeam\project_2\Sangameshwaram\fro  ntend\node_modules\enhanced-resolve\lib\DirectoryExistsPlugin.js:43:15
      at process.processTicksAndRejections (node:internal/process/task_queues:89  :21)
  
  - Compilation.js:2073 
    [frontend]/[webpack]/lib/Compilation.js:2073:28
  
  - NormalModuleFactory.js:1041 
    [frontend]/[webpack]/lib/NormalModuleFactory.js:1041:13
  
  
  - NormalModuleFactory.js:437 
    [frontend]/[webpack]/lib/NormalModuleFactory.js:437:22
  
  
  - NormalModuleFactory.js:622 
    [frontend]/[webpack]/lib/NormalModuleFactory.js:622:22
  
  - NormalModuleFactory.js:185 
    [frontend]/[webpack]/lib/NormalModuleFactory.js:185:10
  
  - NormalModuleFactory.js:894 
    [frontend]/[webpack]/lib/NormalModuleFactory.js:894:25
  
  - NormalModuleFactory.js:1126 
    [frontend]/[webpack]/lib/NormalModuleFactory.js:1126:8
  
  - NormalModuleFactory.js:1255 
    [frontend]/[webpack]/lib/NormalModuleFactory.js:1255:5
  
  - async.js:6883 
    [frontend]/[neo-async]/async.js:6883:13
  
  - NormalModuleFactory.js:1238 
    [frontend]/[webpack]/lib/NormalModuleFactory.js:1238:45
  
  - Resolver.js:590 finishWithoutResolve
    [frontend]/[enhanced-resolve]/lib/Resolver.js:590:11
  
  - Resolver.js:679 
    [frontend]/[enhanced-resolve]/lib/Resolver.js:679:14
  
  - Resolver.js:740 
    [frontend]/[enhanced-resolve]/lib/Resolver.js:740:5
  
  
  - Resolver.js:740 
    [frontend]/[enhanced-resolve]/lib/Resolver.js:740:5
  
  
  - DescriptionFilePlugin.js:89 
    [frontend]/[enhanced-resolve]/lib/DescriptionFilePlugin.js:89:43
  
  - Resolver.js:740 
    [frontend]/[enhanced-resolve]/lib/Resolver.js:740:5
  
  
  - Resolver.js:740 
    [frontend]/[enhanced-resolve]/lib/Resolver.js:740:5
  
  
  - Resolver.js:740 
    [frontend]/[enhanced-resolve]/lib/Resolver.js:740:5
  
  
  - Resolver.js:740 
    [frontend]/[enhanced-resolve]/lib/Resolver.js:740:5
  
  
  - DescriptionFilePlugin.js:89 
    [frontend]/[enhanced-resolve]/lib/DescriptionFilePlugin.js:89:43
  
  - Resolver.js:740 
    [frontend]/[enhanced-resolve]/lib/Resolver.js:740:5
  
  
  - Resolver.js:740 
    [frontend]/[enhanced-resolve]/lib/Resolver.js:740:5
  
  
  - DirectoryExistsPlugin.js:43 
    [frontend]/[enhanced-resolve]/lib/DirectoryExistsPlugin.js:43:15
  
  - task_queues:89 process.processTicksAndRejections
    node:internal/process/task_queues:89:21
  
  - child-compiler.js:211 
    [frontend]/[html-webpack-plugin]/lib/child-compiler.js:211:18
  
  - Compiler.js:648 finalCallback
    [frontend]/[webpack]/lib/Compiler.js:648:5
  
  - Compiler.js:684 
    [frontend]/[webpack]/lib/Compiler.js:684:11
  
  - Compiler.js:1379 
    [frontend]/[webpack]/lib/Compiler.js:1379:17
  
  
  - Hook.js:21 Hook.CALL_ASYNC_DELEGATE [as _callAsync]
    [frontend]/[tapable]/lib/Hook.js:21:14
  
  - Compiler.js:1375 
    [frontend]/[webpack]/lib/Compiler.js:1375:33
  
  - Compilation.js:3183 finalCallback
    [frontend]/[webpack]/lib/Compilation.js:3183:11
  
  - Compilation.js:3521 
    [frontend]/[webpack]/lib/Compilation.js:3521:11
  
  
  - Hook.js:21 Hook.CALL_ASYNC_DELEGATE [as _callAsync]
    [frontend]/[tapable]/lib/Hook.js:21:14
  
  - Compilation.js:3514 
    [frontend]/[webpack]/lib/Compilation.js:3514:38
  
  
  - Compilation.js:653 
    [frontend]/[webpack]/lib/Compilation.js:653:11
  
  - SourceMapDevToolPlugin.js:635 
    [frontend]/[webpack]/lib/SourceMapDevToolPlugin.js:635:10
  
  - async.js:2830 
    [frontend]/[neo-async]/async.js:2830:7
  
  - async.js:2857 Object.each
    [frontend]/[neo-async]/async.js:2857:9
  
[39m[22m

[1m[31m1 ERROR in child compilations (Use 'stats.children: true' resp. '--stats-children' for more details)[39m[22m
webpack compiled with [1m[31m6 errors[39m[22m
